0 info it worked if it ends with ok
1 verbose cli [ '/usr/local/bin/node',
1 verbose cli   '/usr/local/bin/npm',
1 verbose cli   'install',
1 verbose cli   'gulp-uglify',
1 verbose cli   '–save-dev' ]
2 info using npm@3.3.6
3 info using node@v5.0.0
4 silly loadCurrentTree Starting
5 silly install loadCurrentTree
6 silly install readLocalPackageData
7 silly fetchPackageMetaData gulp-uglify
8 silly fetchPackageMetaData –save-dev
9 silly fetchNamedPackageData gulp-uglify
10 silly mapToRegistry name gulp-uglify
11 silly mapToRegistry using default registry
12 silly mapToRegistry registry https://registry.npmjs.org/
13 silly mapToRegistry uri https://registry.npmjs.org/gulp-uglify
14 silly fetchOtherPackageData –save-dev
15 silly cache add args [ '–save-dev', null ]
16 verbose cache add spec –save-dev
17 silly cache add parsed spec Result {
17 silly cache add   raw: '–save-dev',
17 silly cache add   scope: null,
17 silly cache add   name: null,
17 silly cache add   rawSpec: '–save-dev',
17 silly cache add   spec: '/var/www/kw.dev/public/–save-dev',
17 silly cache add   type: 'local' }
18 error addLocal Could not install /var/www/kw.dev/public/–save-dev
19 silly fetchPackageMetaData Error: ENOENT: no such file or directory, open '/var/www/kw.dev/public/–save-dev'
19 silly fetchPackageMetaData     at Error (native)
19 silly fetchPackageMetaData  error for –save-dev { [Error: ENOENT: no such file or directory, open '/var/www/kw.dev/public/–save-dev']
19 silly fetchPackageMetaData   errno: -2,
19 silly fetchPackageMetaData   code: 'ENOENT',
19 silly fetchPackageMetaData   syscall: 'open',
19 silly fetchPackageMetaData   path: '/var/www/kw.dev/public/–save-dev' }
20 verbose request uri https://registry.npmjs.org/gulp-uglify
21 verbose request no auth needed
22 info attempt registry request try #1 at 8:43:55 PM
23 verbose request id f36c1c329883ba47
24 verbose etag W/"5a1e5678-e36c"
25 verbose lastModified Wed, 29 Nov 2017 06:40:56 GMT
26 http request GET https://registry.npmjs.org/gulp-uglify
27 http 400 https://registry.npmjs.org/gulp-uglify
28 verbose headers {}
29 silly get cb [ 304, undefined ]
30 verbose etag https://registry.npmjs.org/gulp-uglify from cache
31 verbose get saving gulp-uglify to /home/vagrant/.npm/registry.npmjs.org/gulp-uglify/.cache.json
32 silly rollbackFailedOptional Starting
33 silly rollbackFailedOptional Finishing
34 silly runTopLevelLifecycles Starting
35 silly runTopLevelLifecycles Finishing
36 silly install printInstalled
37 verbose stack Error: ENOENT: no such file or directory, open '/var/www/kw.dev/public/–save-dev'
37 verbose stack     at Error (native)
38 verbose cwd /var/www/kw.dev/public
39 error Linux 3.13.0-55-generic
40 error argv "/usr/local/bin/node" "/usr/local/bin/npm" "install" "gulp-uglify" "–save-dev"
41 error node v5.0.0
42 error npm  v3.3.6
43 error path /var/www/kw.dev/public/–save-dev
44 error code ENOENT
45 error errno -2
46 error syscall open
47 error enoent ENOENT: no such file or directory, open '/var/www/kw.dev/public/–save-dev'
47 error enoent This is most likely not a problem with npm itself
47 error enoent and is related to npm not being able to find a file.
48 verbose exit [ -2, true ]
